Using pre-set license
Built from '2020.3/staging' branch; Version is '2020.3.11f1 (99c7afb366b3) revision 10078127'; Using compiler version '192528614'; Build Type 'Release'
OS: 'Windows 10 Education; OS build 19043.1110; Version 2009; 64bit' Language: 'en' Physical Memory: 7918 MB
BatchMode: 1, IsHumanControllingUs: 0, StartBugReporterOnCrash: 0, Is64bit: 1, IsPro: 0

 COMMAND LINE ARGUMENTS:
C:\Program Files\Unity\Hub\Editor\2020.3.11f1\Editor\Unity.exe
-adb2
-batchMode
-noUpm
-name
AssetImportWorker0
-projectPath
C:/Users/Hila Libhaber/Desktop/UNITY/repos/Unity2D/Simple_Drive/Simple Drive
-logFile
Logs/AssetImportWorker0.log
-srvPort
49684
Successfully changed project path to: C:/Users/Hila Libhaber/Desktop/UNITY/repos/Unity2D/Simple_Drive/Simple Drive
C:/Users/Hila Libhaber/Desktop/UNITY/repos/Unity2D/Simple_Drive/Simple Drive
Using Asset Import Pipeline V2.
Refreshing native plugins compatible for Editor in 77.28 ms, found 2 plugins.
Preloading 0 native plugins for Editor in 0.00 ms.
Initialize engine version: 2020.3.11f1 (99c7afb366b3)
[Subsystems] Discovering subsystems at path C:/Program Files/Unity/Hub/Editor/2020.3.11f1/Editor/Data/Resources/UnitySubsystems
[Subsystems] Discovering subsystems at path C:/Users/Hila Libhaber/Desktop/UNITY/repos/Unity2D/Simple_Drive/Simple Drive/Assets
GfxDevice: creating device client; threaded=0
Direct3D:
    Version:  Direct3D 11.0 [level 11.1]
    Renderer: NVIDIA GeForce MX330 (ID=0x1d16)
    Vendor:   
    VRAM:     1983 MB
    Driver:   27.21.14.5167
Initialize mono
Mono path[0] = 'C:/Program Files/Unity/Hub/Editor/2020.3.11f1/Editor/Data/Managed'
Mono path[1] = 'C:/Program Files/Unity/Hub/Editor/2020.3.11f1/Editor/Data/MonoBleedingEdge/lib/mono/unityjit'
Mono config path = 'C:/Program Files/Unity/Hub/Editor/2020.3.11f1/Editor/Data/MonoBleedingEdge/etc'
Using monoOptions --debugger-agent=transport=dt_socket,embedding=1,server=y,suspend=n,address=127.0.0.1:56208
Begin MonoManager ReloadAssembly
Registering precompiled unity dll's ...
Register platform support module: C:/Program Files/Unity/Hub/Editor/2020.3.11f1/Editor/Data/PlaybackEngines/WebGLSupport/UnityEditor.WebGL.Extensions.dll
Register platform support module: C:/Program Files/Unity/Hub/Editor/2020.3.11f1/Editor/Data/PlaybackEngines/MacStandaloneSupport/UnityEditor.OSXStandalone.Extensions.dll
Register platform support module: C:/Program Files/Unity/Hub/Editor/2020.3.11f1/Editor/Data/PlaybackEngines/WindowsStandaloneSupport/UnityEditor.WindowsStandalone.Extensions.dll
Register platform support module: C:/Program Files/Unity/Hub/Editor/2020.3.11f1/Editor/Data/PlaybackEngines/LinuxStandaloneSupport/UnityEditor.LinuxStandalone.Extensions.dll
Register platform support module: C:/Program Files/Unity/Hub/Editor/2020.3.11f1/Editor/Data/PlaybackEngines/LuminSupport/UnityEditor.Lumin.Extensions.dll
Registered in 0.005292 seconds.
Native extension for Lumin target not found
Native extension for LinuxStandalone target not found
Native extension for WindowsStandalone target not found
Native extension for OSXStandalone target not found
Native extension for WebGL target not found
Refreshing native plugins compatible for Editor in 70.36 ms, found 2 plugins.
Preloading 0 native plugins for Editor in 0.00 ms.
Mono: successfully reloaded assembly
- Completed reload, in  2.195 seconds
Platform modules already initialized, skipping
Registering precompiled user dll's ...
Registered in 0.003446 seconds.
Begin MonoManager ReloadAssembly
Native extension for Lumin target not found
Native extension for LinuxStandalone target not found
Native extension for WindowsStandalone target not found
Native extension for OSXStandalone target not found
Native extension for WebGL target not found
Refreshing native plugins compatible for Editor in 40.28 ms, found 2 plugins.
Preloading 0 native plugins for Editor in 0.00 ms.
Mono: successfully reloaded assembly
- Completed reload, in  1.354 seconds
Platform modules already initialized, skipping
========================================================================
Worker process is ready to serve import requests
Launched and connected shader compiler UnityShaderCompiler.exe after 0.04 seconds
Refreshing native plugins compatible for Editor in 0.45 ms, found 2 plugins.
Preloading 0 native plugins for Editor in 0.00 ms.
Unloading 1980 Unused Serialized files (Serialized files now loaded: 0)
System memory in use before: 89.8 MB.
System memory in use after: 89.8 MB.

Unloading 35 unused Assets to reduce memory usage. Loaded Objects now: 2403.
Total: 1.882200 ms (FindLiveObjects: 0.158200 ms CreateObjectMapping: 0.048900 ms MarkObjects: 1.595700 ms  DeleteObjects: 0.078500 ms)

========================================================================
Received Import Request.
  path: Assets/PolygonPrototype
  artifactKey: Guid(0a94db3a1acf3984e93d71725cf4a89c) Importer(815301076,1909f56bfc062723c751e8b465ee728b)
Start importing Assets/PolygonPrototype using Guid(0a94db3a1acf3984e93d71725cf4a89c) Importer(815301076,1909f56bfc062723c751e8b465ee728b)  -> (artifact id: '8613e86e43f51d76eb9370fd44c363b6') in 0.013716 seconds
  Import took 0.018670 seconds .

========================================================================
Received Prepare
Registering precompiled user dll's ...
Registered in 0.003946 seconds.
Begin MonoManager ReloadAssembly
Native extension for Lumin target not found
Native extension for LinuxStandalone target not found
Native extension for WindowsStandalone target not found
Native extension for OSXStandalone target not found
Native extension for WebGL target not found
Refreshing native plugins compatible for Editor in 0.64 ms, found 2 plugins.
Preloading 0 native plugins for Editor in 0.00 ms.
Mono: successfully reloaded assembly
- Completed reload, in  2.269 seconds
Platform modules already initialized, skipping
Switching build target platform(19) subTarget(0) extendedPlatform(0) -> platform(13) subTarget(537395200) extendedPlatform(0)
Refreshing native plugins compatible for Editor in 0.65 ms, found 2 plugins.
Preloading 0 native plugins for Editor in 0.00 ms.
Unloading 1961 Unused Serialized files (Serialized files now loaded: 0)
System memory in use before: 88.1 MB.
System memory in use after: 88.2 MB.

Unloading 28 unused Assets to reduce memory usage. Loaded Objects now: 2406.
Total: 9.378100 ms (FindLiveObjects: 0.544900 ms CreateObjectMapping: 0.103800 ms MarkObjects: 8.555700 ms  DeleteObjects: 0.166800 ms)

AssetImportParameters requested are different than current active one (requested -> active):
  custom:graphics/normal-map-encoding: 01000000000000000000000000000000 -> 02000000000000000000000000000000
========================================================================
Received Import Request.
  Time since last request: 299.611935 seconds.
  path: Assets/PolygonPrototype/PolygonPrototype
  artifactKey: Guid(6c25261e79903a04cb286e5d7293393e) Importer(815301076,1909f56bfc062723c751e8b465ee728b)
Start importing Assets/PolygonPrototype/PolygonPrototype using Guid(6c25261e79903a04cb286e5d7293393e) Importer(815301076,1909f56bfc062723c751e8b465ee728b)  -> (artifact id: '767d33e289683d0363a3f76c754e1692') in 0.010221 seconds
  Import took 0.015802 seconds .

========================================================================
Received Import Request.
  Time since last request: 2.659378 seconds.
  path: Assets/PolygonPrototype/PolygonPrototype/Prefabs/Buildings
  artifactKey: Guid(ba22f5d13cc4edf4fad202405f52f585) Importer(815301076,1909f56bfc062723c751e8b465ee728b)
Start importing Assets/PolygonPrototype/PolygonPrototype/Prefabs/Buildings using Guid(ba22f5d13cc4edf4fad202405f52f585) Importer(815301076,1909f56bfc062723c751e8b465ee728b)  -> (artifact id: 'dee48b9b505370f3c2e906dd0a70ee8a') in 0.009131 seconds
  Import took 0.014313 seconds .

========================================================================
Received Import Request.
  Time since last request: 1.005030 seconds.
  path: Assets/PolygonPrototype/PolygonPrototype/Prefabs/Buildings/Polygon
  artifactKey: Guid(b8250b3b230b50d44a1ead7be01fa998) Importer(815301076,1909f56bfc062723c751e8b465ee728b)
Start importing Assets/PolygonPrototype/PolygonPrototype/Prefabs/Buildings/Polygon using Guid(b8250b3b230b50d44a1ead7be01fa998) Importer(815301076,1909f56bfc062723c751e8b465ee728b)  -> (artifact id: '9ca9d4a84589ff736d8e9e17e093d340') in 0.008233 seconds
  Import took 0.012889 seconds .

========================================================================
Received Import Request.
  Time since last request: 0.000815 seconds.
  path: Assets/PolygonPrototype/PolygonPrototype/Prefabs/Buildings/Polygon
  artifactKey: Guid(b8250b3b230b50d44a1ead7be01fa998) Importer(815301076,1909f56bfc062723c751e8b465ee728b)
Start importing Assets/PolygonPrototype/PolygonPrototype/Prefabs/Buildings/Polygon using Guid(b8250b3b230b50d44a1ead7be01fa998) Importer(815301076,1909f56bfc062723c751e8b465ee728b)  -> (artifact id: '9ca9d4a84589ff736d8e9e17e093d340') in 0.002616 seconds
  Import took 0.008393 seconds .

========================================================================
Received Import Request.
  Time since last request: 39.418918 seconds.
  path: Assets/PolygonPrototype/PolygonPrototype/Prefabs/Buildings/Simple
  artifactKey: Guid(9af828c91966e1a4e99ef41d47c60aae) Importer(815301076,1909f56bfc062723c751e8b465ee728b)
Start importing Assets/PolygonPrototype/PolygonPrototype/Prefabs/Buildings/Simple using Guid(9af828c91966e1a4e99ef41d47c60aae) Importer(815301076,1909f56bfc062723c751e8b465ee728b)  -> (artifact id: '39dd19e08a3a7cca58059ba270be6ff1') in 0.010306 seconds
  Import took 0.015144 seconds .

========================================================================
Received Import Request.
  Time since last request: 27.199807 seconds.
  path: Assets/PolygonPrototype/PolygonPrototype/Models/SM_Buildings_WallChamfered_2x2_01.fbx
  artifactKey: Guid(471d090967b61644f834501e5a1f4abd) Importer(815301076,1909f56bfc062723c751e8b465ee728b)
Start importing Assets/PolygonPrototype/PolygonPrototype/Models/SM_Buildings_WallChamfered_2x2_01.fbx using Guid(471d090967b61644f834501e5a1f4abd) Importer(815301076,1909f56bfc062723c751e8b465ee728b)  -> (artifact id: '00067b92d47b6e2c3d45504a75ce3195') in 0.309534 seconds
  Import took 0.312758 seconds .

========================================================================
Received Import Request.
  Time since last request: 0.000291 seconds.
  path: Assets/PolygonPrototype/PolygonPrototype/Models/SM_Buildings_WallChamfered_2x2_01P.fbx
  artifactKey: Guid(b47667a8840915147a5e57faf2c364d1) Importer(815301076,1909f56bfc062723c751e8b465ee728b)
Start importing Assets/PolygonPrototype/PolygonPrototype/Models/SM_Buildings_WallChamfered_2x2_01P.fbx using Guid(b47667a8840915147a5e57faf2c364d1) Importer(815301076,1909f56bfc062723c751e8b465ee728b)  -> (artifact id: '01e0dd52d4db930aecf260d843602930') in 0.023327 seconds
  Import took 0.027136 seconds .

========================================================================
Received Import Request.
  Time since last request: 0.000202 seconds.
  path: Assets/PolygonPrototype/PolygonPrototype/Models/SM_Buildings_WallCurved_1x1_01.fbx
  artifactKey: Guid(f8f044437cd3bf941ae92e4d37e1faa3) Importer(815301076,1909f56bfc062723c751e8b465ee728b)
Start importing Assets/PolygonPrototype/PolygonPrototype/Models/SM_Buildings_WallCurved_1x1_01.fbx using Guid(f8f044437cd3bf941ae92e4d37e1faa3) Importer(815301076,1909f56bfc062723c751e8b465ee728b)  -> (artifact id: 'f49c11e5efe17238a398b02bfa42ac2e') in 0.025004 seconds
  Import took 0.029959 seconds .

========================================================================
Received Import Request.
  Time since last request: 0.000254 seconds.
  path: Assets/PolygonPrototype/PolygonPrototype/Models/SM_Buildings_WallChamfered_5x5_01P.fbx
  artifactKey: Guid(09fc69f5358a8974180e97ce1c5c7511) Importer(815301076,1909f56bfc062723c751e8b465ee728b)
Start importing Assets/PolygonPrototype/PolygonPrototype/Models/SM_Buildings_WallChamfered_5x5_01P.fbx using Guid(09fc69f5358a8974180e97ce1c5c7511) Importer(815301076,1909f56bfc062723c751e8b465ee728b)  -> (artifact id: '7b9f359cfc665ad16449e779887bd3c3') in 0.023514 seconds
  Import took 0.027077 seconds .

========================================================================
Received Import Request.
  Time since last request: 0.000169 seconds.
  path: Assets/PolygonPrototype/PolygonPrototype/Models/SM_Buildings_WallCurved_1x1_01P.fbx
  artifactKey: Guid(a1cc6d3321edb2248bba26fdc6d1ff08) Importer(815301076,1909f56bfc062723c751e8b465ee728b)
Start importing Assets/PolygonPrototype/PolygonPrototype/Models/SM_Buildings_WallCurved_1x1_01P.fbx using Guid(a1cc6d3321edb2248bba26fdc6d1ff08) Importer(815301076,1909f56bfc062723c751e8b465ee728b)  -> (artifact id: 'b447bdef5f62629a699cefded358d04f') in 0.026177 seconds
  Import took 0.030120 seconds .

========================================================================
Received Import Request.
  Time since last request: 0.000208 seconds.
  path: Assets/PolygonPrototype/PolygonPrototype/Models/SM_Buildings_WallChamfered_5x5_01.fbx
  artifactKey: Guid(586b6902de4ce034dbeea84f24685b08) Importer(815301076,1909f56bfc062723c751e8b465ee728b)
Start importing Assets/PolygonPrototype/PolygonPrototype/Models/SM_Buildings_WallChamfered_5x5_01.fbx using Guid(586b6902de4ce034dbeea84f24685b08) Importer(815301076,1909f56bfc062723c751e8b465ee728b)  -> (artifact id: '6d14c12b13ec03a3191385a1acc3c195') in 0.027522 seconds
  Import took 0.030610 seconds .

========================================================================
Received Import Request.
  Time since last request: 0.000192 seconds.
  path: Assets/PolygonPrototype/PolygonPrototype/Models/SM_Buildings_WallCurved_2x2_01.fbx
  artifactKey: Guid(fc9ab94d15b307848927c4690bfc3258) Importer(815301076,1909f56bfc062723c751e8b465ee728b)
Start importing Assets/PolygonPrototype/PolygonPrototype/Models/SM_Buildings_WallCurved_2x2_01.fbx using Guid(fc9ab94d15b307848927c4690bfc3258) Importer(815301076,1909f56bfc062723c751e8b465ee728b)  -> (artifact id: 'efee963f94540d0d88c4cd9507a06c6f') in 0.030655 seconds
  Import took 0.034410 seconds .

========================================================================
Received Import Request.
  Time since last request: 0.000178 seconds.
  path: Assets/PolygonPrototype/PolygonPrototype/Models/SM_Buildings_WallChamfered_2x2_01.fbx
  artifactKey: Guid(471d090967b61644f834501e5a1f4abd) Importer(815301076,1909f56bfc062723c751e8b465ee728b)
Start importing Assets/PolygonPrototype/PolygonPrototype/Models/SM_Buildings_WallChamfered_2x2_01.fbx using Guid(471d090967b61644f834501e5a1f4abd) Importer(815301076,1909f56bfc062723c751e8b465ee728b)  -> (artifact id: '00067b92d47b6e2c3d45504a75ce3195') in 0.015840 seconds
  Import took 0.022331 seconds .

========================================================================
Received Import Request.
  Time since last request: 11.072268 seconds.
  path: Assets/TextMesh Pro/Examples & Extras/Resources/Fonts & Materials/Roboto-Bold SDF - Drop Shadow.mat
  artifactKey: Guid(b246c4190f4e46ec9352fe15a7b09ce0) Importer(815301076,1909f56bfc062723c751e8b465ee728b)
Start importing Assets/TextMesh Pro/Examples & Extras/Resources/Fonts & Materials/Roboto-Bold SDF - Drop Shadow.mat using Guid(b246c4190f4e46ec9352fe15a7b09ce0) Importer(815301076,1909f56bfc062723c751e8b465ee728b)  -> (artifact id: 'e0193c990cebd7bcd9d6b31ea7739d38') in 0.080092 seconds
  Import took 0.083964 seconds .

========================================================================
Received Import Request.
  Time since last request: 0.000371 seconds.
  path: Assets/TextMesh Pro/Examples & Extras/Resources/Fonts & Materials/Roboto-Bold SDF.asset
  artifactKey: Guid(5302535af1044152a457ed104f1f4b91) Importer(815301076,1909f56bfc062723c751e8b465ee728b)
Start importing Assets/TextMesh Pro/Examples & Extras/Resources/Fonts & Materials/Roboto-Bold SDF.asset using Guid(5302535af1044152a457ed104f1f4b91) Importer(815301076,1909f56bfc062723c751e8b465ee728b)  -> (artifact id: 'bfb93c09ad45f6e656fb1966a95741fa') in 0.084865 seconds
  Import took 0.088778 seconds .

========================================================================
Received Import Request.
  Time since last request: 0.000308 seconds.
  path: Assets/TextMesh Pro/Examples & Extras/Resources/Fonts & Materials/Roboto-Bold SDF - Drop Shadow.mat
  artifactKey: Guid(b246c4190f4e46ec9352fe15a7b09ce0) Importer(815301076,1909f56bfc062723c751e8b465ee728b)
Start importing Assets/TextMesh Pro/Examples & Extras/Resources/Fonts & Materials/Roboto-Bold SDF - Drop Shadow.mat using Guid(b246c4190f4e46ec9352fe15a7b09ce0) Importer(815301076,1909f56bfc062723c751e8b465ee728b)  -> (artifact id: 'e0193c990cebd7bcd9d6b31ea7739d38') in 0.007846 seconds
  Import took 0.011262 seconds .

========================================================================
Received Import Request.
  Time since last request: 0.000356 seconds.
  path: Assets/TextMesh Pro/Examples & Extras/Resources/Fonts & Materials/Roboto-Bold SDF - Surface.mat
  artifactKey: Guid(e6b276ec991f467aa14ef1f3cc665993) Importer(815301076,1909f56bfc062723c751e8b465ee728b)
Start importing Assets/TextMesh Pro/Examples & Extras/Resources/Fonts & Materials/Roboto-Bold SDF - Surface.mat using Guid(e6b276ec991f467aa14ef1f3cc665993) Importer(815301076,1909f56bfc062723c751e8b465ee728b)  -> (artifact id: 'b473d3532bac8111072f2cb19e40b057') in 0.126950 seconds
  Import took 0.130195 seconds .

========================================================================
Received Import Request.
  Time since last request: 0.000394 seconds.
  path: Assets/TextMesh Pro/Examples & Extras/Materials/Small Crate_diffuse.mat
  artifactKey: Guid(22262639920f43d6be32430e4e58350d) Importer(815301076,1909f56bfc062723c751e8b465ee728b)
Start importing Assets/TextMesh Pro/Examples & Extras/Materials/Small Crate_diffuse.mat using Guid(22262639920f43d6be32430e4e58350d) Importer(815301076,1909f56bfc062723c751e8b465ee728b)  -> (artifact id: 'f087dcf16cec75a6974325e7c470dd37') in 0.171833 seconds
  Import took 0.175565 seconds .

========================================================================
Received Import Request.
  Time since last request: 0.000392 seconds.
  path: Assets/TextMesh Pro/Examples & Extras/Resources/Fonts & Materials/Roboto-Bold SDF - Surface.mat
  artifactKey: Guid(e6b276ec991f467aa14ef1f3cc665993) Importer(815301076,1909f56bfc062723c751e8b465ee728b)
Start importing Assets/TextMesh Pro/Examples & Extras/Resources/Fonts & Materials/Roboto-Bold SDF - Surface.mat using Guid(e6b276ec991f467aa14ef1f3cc665993) Importer(815301076,1909f56bfc062723c751e8b465ee728b)  -> (artifact id: 'b473d3532bac8111072f2cb19e40b057') in 0.006765 seconds
  Import took 0.010356 seconds .

========================================================================
Received Import Request.
  Time since last request: 0.000285 seconds.
  path: Assets/TextMesh Pro/Examples & Extras/Materials/Small Crate_diffuse.mat
  artifactKey: Guid(22262639920f43d6be32430e4e58350d) Importer(815301076,1909f56bfc062723c751e8b465ee728b)
Start importing Assets/TextMesh Pro/Examples & Extras/Materials/Small Crate_diffuse.mat using Guid(22262639920f43d6be32430e4e58350d) Importer(815301076,1909f56bfc062723c751e8b465ee728b)  -> (artifact id: 'f087dcf16cec75a6974325e7c470dd37') in 0.018377 seconds
  Import took 0.021849 seconds .

========================================================================
Received Import Request.
  Time since last request: 29.762610 seconds.
  path: Assets/PolygonPrototype/PolygonPrototype/Textures/PolygonPrototype_Texture_Grid_01.png
  artifactKey: Guid(2a09470ada0c47849ad79d26363f8e4a) Importer(815301076,1909f56bfc062723c751e8b465ee728b)
Start importing Assets/PolygonPrototype/PolygonPrototype/Textures/PolygonPrototype_Texture_Grid_01.png using Guid(2a09470ada0c47849ad79d26363f8e4a) Importer(815301076,1909f56bfc062723c751e8b465ee728b)  -> (artifact id: '6bdb8ac7a71426db13bc52bd4deecaaa') in 0.059083 seconds
  Import took 0.063199 seconds .

========================================================================
Received Import Request.
  Time since last request: 0.000353 seconds.
  path: Assets/PolygonPrototype/PolygonPrototype/Textures/PolygonPrototype_Texture_Grid_01.png
  artifactKey: Guid(2a09470ada0c47849ad79d26363f8e4a) Importer(815301076,1909f56bfc062723c751e8b465ee728b)
Start importing Assets/PolygonPrototype/PolygonPrototype/Textures/PolygonPrototype_Texture_Grid_01.png using Guid(2a09470ada0c47849ad79d26363f8e4a) Importer(815301076,1909f56bfc062723c751e8b465ee728b)  -> (artifact id: '6bdb8ac7a71426db13bc52bd4deecaaa') in 0.017909 seconds
  Import took 0.021663 seconds .

========================================================================
Received Prepare
Registering precompiled user dll's ...
Registered in 0.004097 seconds.
Begin MonoManager ReloadAssembly
Native extension for Lumin target not found
Native extension for LinuxStandalone target not found
Native extension for WindowsStandalone target not found
Native extension for OSXStandalone target not found
Native extension for WebGL target not found
Refreshing native plugins compatible for Editor in 0.84 ms, found 2 plugins.
Preloading 0 native plugins for Editor in 0.00 ms.
Mono: successfully reloaded assembly
- Completed reload, in  1.516 seconds
Platform modules already initialized, skipping
Switching build target platform(19) subTarget(0) extendedPlatform(0) -> platform(13) subTarget(537395200) extendedPlatform(0)
Refreshing native plugins compatible for Editor in 0.50 ms, found 2 plugins.
Preloading 0 native plugins for Editor in 0.00 ms.
Unloading 1961 Unused Serialized files (Serialized files now loaded: 0)
System memory in use before: 91.6 MB.
System memory in use after: 91.7 MB.

Unloading 29 unused Assets to reduce memory usage. Loaded Objects now: 2456.
Total: 3.174400 ms (FindLiveObjects: 0.165200 ms CreateObjectMapping: 0.056200 ms MarkObjects: 2.822500 ms  DeleteObjects: 0.128900 ms)

AssetImportParameters requested are different than current active one (requested -> active):
  custom:graphics/normal-map-encoding: 01000000000000000000000000000000 -> 02000000000000000000000000000000
========================================================================
Received Prepare
Registering precompiled user dll's ...
Registered in 0.004478 seconds.
Begin MonoManager ReloadAssembly
Native extension for Lumin target not found
Native extension for LinuxStandalone target not found
Native extension for WindowsStandalone target not found
Native extension for OSXStandalone target not found
Native extension for WebGL target not found
Refreshing native plugins compatible for Editor in 1.22 ms, found 2 plugins.
Preloading 0 native plugins for Editor in 0.00 ms.
Mono: successfully reloaded assembly
- Completed reload, in  1.410 seconds
Platform modules already initialized, skipping
Switching build target platform(19) subTarget(0) extendedPlatform(0) -> platform(13) subTarget(537395200) extendedPlatform(0)
Refreshing native plugins compatible for Editor in 0.83 ms, found 2 plugins.
Preloading 0 native plugins for Editor in 0.00 ms.
Unloading 1961 Unused Serialized files (Serialized files now loaded: 0)
System memory in use before: 91.7 MB.
System memory in use after: 91.7 MB.

Unloading 28 unused Assets to reduce memory usage. Loaded Objects now: 2459.
Total: 2.581800 ms (FindLiveObjects: 0.215100 ms CreateObjectMapping: 0.054700 ms MarkObjects: 2.211700 ms  DeleteObjects: 0.098900 ms)

AssetImportParameters requested are different than current active one (requested -> active):
  custom:graphics/normal-map-encoding: 01000000000000000000000000000000 -> 02000000000000000000000000000000
========================================================================
Received Import Request.
  Time since last request: 1643.366035 seconds.
  path: Assets/PolygonPrototype/PolygonPrototype/Textures/PolygonPrototype_Texture_01.png
  artifactKey: Guid(86cb957541c7c8542a6306ffb82e6833) Importer(815301076,1909f56bfc062723c751e8b465ee728b)
Start importing Assets/PolygonPrototype/PolygonPrototype/Textures/PolygonPrototype_Texture_01.png using Guid(86cb957541c7c8542a6306ffb82e6833) Importer(815301076,1909f56bfc062723c751e8b465ee728b)  -> (artifact id: 'eaf19885924d73c88b88c48d3963b637') in 0.182923 seconds
  Import took 0.187688 seconds .

========================================================================
Received Import Request.
  Time since last request: 0.000418 seconds.
  path: Assets/PolygonPrototype/PolygonPrototype/Textures/PolygonPrototype_Texture_Metallic.tga
  artifactKey: Guid(9dec2143ea353f54797f8eb01cf46827) Importer(815301076,1909f56bfc062723c751e8b465ee728b)
Start importing Assets/PolygonPrototype/PolygonPrototype/Textures/PolygonPrototype_Texture_Metallic.tga using Guid(9dec2143ea353f54797f8eb01cf46827) Importer(815301076,1909f56bfc062723c751e8b465ee728b)  -> (artifact id: '58451fb136c949a61ed79184b491b281') in 0.082127 seconds
  Import took 0.086610 seconds .

========================================================================
Received Import Request.
  Time since last request: 0.000297 seconds.
  path: Assets/PolygonPrototype/PolygonPrototype/Textures/PolygonPrototype_Texture_05.png
  artifactKey: Guid(df7c0e6cf8f64a44ea359c778e386616) Importer(815301076,1909f56bfc062723c751e8b465ee728b)
Start importing Assets/PolygonPrototype/PolygonPrototype/Textures/PolygonPrototype_Texture_05.png using Guid(df7c0e6cf8f64a44ea359c778e386616) Importer(815301076,1909f56bfc062723c751e8b465ee728b)  -> (artifact id: 'e857b8a236af4bbde94971759c820e3b') in 0.090466 seconds
  Import took 0.097358 seconds .

========================================================================
Received Import Request.
  Time since last request: 0.000399 seconds.
  path: Assets/PolygonPrototype/PolygonPrototype/Textures/PolygonPrototype_Texture_Grid_08.png
  artifactKey: Guid(1d12fa396a3563b41b9ae11b0fb0b986) Importer(815301076,1909f56bfc062723c751e8b465ee728b)
Start importing Assets/PolygonPrototype/PolygonPrototype/Textures/PolygonPrototype_Texture_Grid_08.png using Guid(1d12fa396a3563b41b9ae11b0fb0b986) Importer(815301076,1909f56bfc062723c751e8b465ee728b)  -> (artifact id: '56fa5167e3e88bf03d0688dd1c34e52b') in 0.037326 seconds
  Import took 0.042274 seconds .

========================================================================
Received Import Request.
  Time since last request: 0.000239 seconds.
  path: Assets/PolygonPrototype/PolygonPrototype/Textures/PolygonPrototype_Texture_04.png
  artifactKey: Guid(56d0dcfd4f388074b86b2ca24191e027) Importer(815301076,1909f56bfc062723c751e8b465ee728b)
Start importing Assets/PolygonPrototype/PolygonPrototype/Textures/PolygonPrototype_Texture_04.png using Guid(56d0dcfd4f388074b86b2ca24191e027) Importer(815301076,1909f56bfc062723c751e8b465ee728b)  -> (artifact id: 'e7734f1419d69361cad485cac84bc4fb') in 0.066814 seconds
  Import took 0.071236 seconds .

========================================================================
Received Import Request.
  Time since last request: 0.000409 seconds.
  path: Assets/PolygonPrototype/PolygonPrototype/Textures/PolygonPrototype_Texture_Grid_Glass_01.png
  artifactKey: Guid(1432e62c10501d147a873c128326f711) Importer(815301076,1909f56bfc062723c751e8b465ee728b)
Start importing Assets/PolygonPrototype/PolygonPrototype/Textures/PolygonPrototype_Texture_Grid_Glass_01.png using Guid(1432e62c10501d147a873c128326f711) Importer(815301076,1909f56bfc062723c751e8b465ee728b)  -> (artifact id: '859c1a4629bdf8890c6d45fda9ef3a99') in 0.035476 seconds
  Import took 0.040854 seconds .

========================================================================
Received Import Request.
  Time since last request: 0.000360 seconds.
  path: Assets/PolygonPrototype/PolygonPrototype/Textures/PolygonPrototype_Texture_01_Emission.png
  artifactKey: Guid(c0cde391f6ee96749be5d6df0f1c83d5) Importer(815301076,1909f56bfc062723c751e8b465ee728b)
Start importing Assets/PolygonPrototype/PolygonPrototype/Textures/PolygonPrototype_Texture_01_Emission.png using Guid(c0cde391f6ee96749be5d6df0f1c83d5) Importer(815301076,1909f56bfc062723c751e8b465ee728b)  -> (artifact id: '738733099cbd8d6ccc7dd0f10e52ac1c') in 0.059315 seconds
  Import took 0.064760 seconds .

========================================================================
Received Import Request.
  Time since last request: 5208.476494 seconds.
  path: Assets/PolygonPrototype/PolygonPrototype/Models/SM_Buildings_Block_1x1_01.fbx
  artifactKey: Guid(caed417d0c17a134696ff2ef8b52a764) Importer(815301076,1909f56bfc062723c751e8b465ee728b)
Start importing Assets/PolygonPrototype/PolygonPrototype/Models/SM_Buildings_Block_1x1_01.fbx using Guid(caed417d0c17a134696ff2ef8b52a764) Importer(815301076,1909f56bfc062723c751e8b465ee728b)  -> (artifact id: '42d0711a5706f138614106366d795cbf') in 0.215734 seconds
  Import took 0.250834 seconds .

========================================================================
Received Import Request.
  Time since last request: 0.000285 seconds.
  path: Assets/PolygonPrototype/PolygonPrototype/Models/SM_Buildings_Wall_5x3_01P.fbx
  artifactKey: Guid(002aad209296b1b48bb25b46d18ad50d) Importer(815301076,1909f56bfc062723c751e8b465ee728b)
Start importing Assets/PolygonPrototype/PolygonPrototype/Models/SM_Buildings_Wall_5x3_01P.fbx using Guid(002aad209296b1b48bb25b46d18ad50d) Importer(815301076,1909f56bfc062723c751e8b465ee728b)  -> (artifact id: '2672c667d0001fe00c59da0657046f6f') in 0.032806 seconds
  Import took 0.037957 seconds .

========================================================================
Received Import Request.
  Time since last request: 0.000390 seconds.
  path: Assets/PolygonPrototype/PolygonPrototype/Models/SM_Buildings_FloorInner_Curved_5x5_01.fbx
  artifactKey: Guid(52c22e70fe7f9e74e81b2a6d2b1deec2) Importer(815301076,1909f56bfc062723c751e8b465ee728b)
Start importing Assets/PolygonPrototype/PolygonPrototype/Models/SM_Buildings_FloorInner_Curved_5x5_01.fbx using Guid(52c22e70fe7f9e74e81b2a6d2b1deec2) Importer(815301076,1909f56bfc062723c751e8b465ee728b)  -> (artifact id: 'deae2c42e5e4b57c07a42a15213b3797') in 0.040590 seconds
  Import took 0.045257 seconds .

========================================================================
Received Import Request.
  Time since last request: 0.000310 seconds.
  path: Assets/PolygonPrototype/PolygonPrototype/Models/SM_Buildings_FloorCurved_5x5_01.fbx
  artifactKey: Guid(7fd55a78b1a6269469fdcfe44aa32b03) Importer(815301076,1909f56bfc062723c751e8b465ee728b)
Start importing Assets/PolygonPrototype/PolygonPrototype/Models/SM_Buildings_FloorCurved_5x5_01.fbx using Guid(7fd55a78b1a6269469fdcfe44aa32b03) Importer(815301076,1909f56bfc062723c751e8b465ee728b)  -> (artifact id: '39054f09f19dab476e47d6732bc86563') in 0.036736 seconds
  Import took 0.041693 seconds .

========================================================================
Received Import Request.
  Time since last request: 0.000415 seconds.
  path: Assets/PolygonPrototype/PolygonPrototype/Models/SM_Buildings_FloorInner_Curved_5x5_01P.fbx
  artifactKey: Guid(c42e8dc3146e54f4eabae304a4b9c5d2) Importer(815301076,1909f56bfc062723c751e8b465ee728b)
Start importing Assets/PolygonPrototype/PolygonPrototype/Models/SM_Buildings_FloorInner_Curved_5x5_01P.fbx using Guid(c42e8dc3146e54f4eabae304a4b9c5d2) Importer(815301076,1909f56bfc062723c751e8b465ee728b)  -> (artifact id: 'd7627f9e53f5f9540abe7b97950c8189') in 0.055104 seconds
  Import took 0.060135 seconds .

========================================================================
Received Import Request.
  Time since last request: 0.000288 seconds.
  path: Assets/PolygonPrototype/PolygonPrototype/Models/SM_Buildings_Column_2x3_01.fbx
  artifactKey: Guid(b45e496b386039141af15f243dd3ac22) Importer(815301076,1909f56bfc062723c751e8b465ee728b)
Start importing Assets/PolygonPrototype/PolygonPrototype/Models/SM_Buildings_Column_2x3_01.fbx using Guid(b45e496b386039141af15f243dd3ac22) Importer(815301076,1909f56bfc062723c751e8b465ee728b)  -> (artifact id: 'd61660bcd4a8d175990e5843af1e2b1c') in 0.033680 seconds
  Import took 0.040861 seconds .

========================================================================
Received Import Request.
  Time since last request: 0.000382 seconds.
  path: Assets/PolygonPrototype/PolygonPrototype/Models/SM_Buildings_Column_2x3_01P.fbx
  artifactKey: Guid(e939321fba13eac4e8154147baf7b90f) Importer(815301076,1909f56bfc062723c751e8b465ee728b)
Start importing Assets/PolygonPrototype/PolygonPrototype/Models/SM_Buildings_Column_2x3_01P.fbx using Guid(e939321fba13eac4e8154147baf7b90f) Importer(815301076,1909f56bfc062723c751e8b465ee728b)  -> (artifact id: '7212d0ab4c2c5353738cacadd8cf06c1') in 0.041071 seconds
  Import took 0.047663 seconds .

========================================================================
Received Import Request.
  Time since last request: 0.000504 seconds.
  path: Assets/PolygonPrototype/PolygonPrototype/Models/SM_Buildings_RoofAngledPoint_5x5_01P.fbx
  artifactKey: Guid(bb2c86eae9b030241aaa2e3f9ecf84db) Importer(815301076,1909f56bfc062723c751e8b465ee728b)
Start importing Assets/PolygonPrototype/PolygonPrototype/Models/SM_Buildings_RoofAngledPoint_5x5_01P.fbx using Guid(bb2c86eae9b030241aaa2e3f9ecf84db) Importer(815301076,1909f56bfc062723c751e8b465ee728b)  -> (artifact id: 'a71c6e37fa25b9b0de16f26b726223df') in 0.036844 seconds
  Import took 0.040451 seconds .

========================================================================
Received Import Request.
  Time since last request: 0.000496 seconds.
  path: Assets/PolygonPrototype/PolygonPrototype/Models/SM_Buildings_FloorCurved_5x5_01P.fbx
  artifactKey: Guid(7f26452310d4b0241acd662af3682f7c) Importer(815301076,1909f56bfc062723c751e8b465ee728b)
Start importing Assets/PolygonPrototype/PolygonPrototype/Models/SM_Buildings_FloorCurved_5x5_01P.fbx using Guid(7f26452310d4b0241acd662af3682f7c) Importer(815301076,1909f56bfc062723c751e8b465ee728b)  -> (artifact id: 'e598c98a93b6a557c42e051ee471a7e5') in 0.025381 seconds
  Import took 0.031136 seconds .

========================================================================
Received Import Request.
  Time since last request: 0.000359 seconds.
  path: Assets/PolygonPrototype/PolygonPrototype/Models/SM_Buildings_DoorFrame_01.fbx
  artifactKey: Guid(c7bd79f25c690294f893f8905d2264f5) Importer(815301076,1909f56bfc062723c751e8b465ee728b)
Start importing Assets/PolygonPrototype/PolygonPrototype/Models/SM_Buildings_DoorFrame_01.fbx using Guid(c7bd79f25c690294f893f8905d2264f5) Importer(815301076,1909f56bfc062723c751e8b465ee728b)  -> (artifact id: '0aed7a0447c31a70f15974ee24966115') in 0.027814 seconds
  Import took 0.033648 seconds .

========================================================================
Received Import Request.
  Time since last request: 0.000412 seconds.
  path: Assets/PolygonPrototype/PolygonPrototype/Models/SM_Buildings_Wall_5x3_01.fbx
  artifactKey: Guid(b0391de1f01e7c3498a2b52e8c634d06) Importer(815301076,1909f56bfc062723c751e8b465ee728b)
Start importing Assets/PolygonPrototype/PolygonPrototype/Models/SM_Buildings_Wall_5x3_01.fbx using Guid(b0391de1f01e7c3498a2b52e8c634d06) Importer(815301076,1909f56bfc062723c751e8b465ee728b)  -> (artifact id: 'e656b0f2a40859aca47cf604d5ea8f20') in 0.025264 seconds
  Import took 0.032136 seconds .

========================================================================
Received Import Request.
  Time since last request: 0.000234 seconds.
  path: Assets/PolygonPrototype/PolygonPrototype/Models/SM_Buildings_Wall_2x3_01P.fbx
  artifactKey: Guid(526b2a739acc0c44db8d3bd30a299eff) Importer(815301076,1909f56bfc062723c751e8b465ee728b)
Start importing Assets/PolygonPrototype/PolygonPrototype/Models/SM_Buildings_Wall_2x3_01P.fbx using Guid(526b2a739acc0c44db8d3bd30a299eff) Importer(815301076,1909f56bfc062723c751e8b465ee728b)  -> (artifact id: 'd9b950bfd4b79a24de55ed4ba29d31c3') in 0.025461 seconds
  Import took 0.033767 seconds .

========================================================================
Received Import Request.
  Time since last request: 0.000379 seconds.
  path: Assets/PolygonPrototype/PolygonPrototype/Models/SM_Buildings_Block_1x1_01P.fbx
  artifactKey: Guid(4271e1f51cf274c499b8283b04da0c03) Importer(815301076,1909f56bfc062723c751e8b465ee728b)
Start importing Assets/PolygonPrototype/PolygonPrototype/Models/SM_Buildings_Block_1x1_01P.fbx using Guid(4271e1f51cf274c499b8283b04da0c03) Importer(815301076,1909f56bfc062723c751e8b465ee728b)  -> (artifact id: '89833fe87d06a5413af36c7c16ca8adc') in 0.021783 seconds
  Import took 0.028428 seconds .

========================================================================
Received Import Request.
  Time since last request: 0.000358 seconds.
  path: Assets/PolygonPrototype/PolygonPrototype/Models/SM_Buildings_RoofAngledPoint_5x5_01.fbx
  artifactKey: Guid(1a7ddaffa000590469aad7576a0bfcb8) Importer(815301076,1909f56bfc062723c751e8b465ee728b)
Start importing Assets/PolygonPrototype/PolygonPrototype/Models/SM_Buildings_RoofAngledPoint_5x5_01.fbx using Guid(1a7ddaffa000590469aad7576a0bfcb8) Importer(815301076,1909f56bfc062723c751e8b465ee728b)  -> (artifact id: '94172a7e80f3a1c35433f9bfbd9ef7be') in 0.027361 seconds
  Import took 0.033848 seconds .

========================================================================
Received Import Request.
  Time since last request: 0.000304 seconds.
  path: Assets/PolygonPrototype/PolygonPrototype/Models/SM_Buildings_Wall_2x3_01.fbx
  artifactKey: Guid(cbdda53aa8be0d841a4f044817656a44) Importer(815301076,1909f56bfc062723c751e8b465ee728b)
Start importing Assets/PolygonPrototype/PolygonPrototype/Models/SM_Buildings_Wall_2x3_01.fbx using Guid(cbdda53aa8be0d841a4f044817656a44) Importer(815301076,1909f56bfc062723c751e8b465ee728b)  -> (artifact id: 'ecf671cee39034efb2d0dcd9cd4b1ec1') in 0.029812 seconds
  Import took 0.033287 seconds .

========================================================================
Received Import Request.
  Time since last request: 0.000315 seconds.
  path: Assets/PolygonPrototype/PolygonPrototype/Models/SM_Buildings_Floor_5x5_01.fbx
  artifactKey: Guid(1814c5a2e1817d745a0616837e37dd7b) Importer(815301076,1909f56bfc062723c751e8b465ee728b)
Start importing Assets/PolygonPrototype/PolygonPrototype/Models/SM_Buildings_Floor_5x5_01.fbx using Guid(1814c5a2e1817d745a0616837e37dd7b) Importer(815301076,1909f56bfc062723c751e8b465ee728b)  -> (artifact id: '1472469c58a890f91cd292928376e978') in 0.020327 seconds
  Import took 0.026189 seconds .

========================================================================
Received Prepare
Registering precompiled user dll's ...
Registered in 0.159430 seconds.
Begin MonoManager ReloadAssembly
Native extension for Lumin target not found
Native extension for LinuxStandalone target not found
Native extension for WindowsStandalone target not found
Native extension for OSXStandalone target not found
Native extension for WebGL target not found
Refreshing native plugins compatible for Editor in 0.55 ms, found 2 plugins.
Preloading 0 native plugins for Editor in 0.00 ms.
Mono: successfully reloaded assembly
- Completed reload, in  1.810 seconds
Platform modules already initialized, skipping
Switching build target platform(19) subTarget(0) extendedPlatform(0) -> platform(13) subTarget(537395200) extendedPlatform(0)
Refreshing native plugins compatible for Editor in 0.60 ms, found 2 plugins.
Preloading 0 native plugins for Editor in 0.00 ms.
Unloading 1961 Unused Serialized files (Serialized files now loaded: 0)
System memory in use before: 91.7 MB.
System memory in use after: 91.8 MB.

Unloading 29 unused Assets to reduce memory usage. Loaded Objects now: 2463.
Total: 6.504900 ms (FindLiveObjects: 0.145500 ms CreateObjectMapping: 0.034600 ms MarkObjects: 6.188800 ms  DeleteObjects: 0.134000 ms)

AssetImportParameters requested are different than current active one (requested -> active):
  custom:graphics/normal-map-encoding: 01000000000000000000000000000000 -> 02000000000000000000000000000000
========================================================================
Received Prepare
Refreshing native plugins compatible for Editor in 9.19 ms, found 2 plugins.
Preloading 0 native plugins for Editor in 0.00 ms.
Unloading 25 Unused Serialized files (Serialized files now loaded: 0)
System memory in use before: 52.9 MB.
System memory in use after: 53.0 MB.

Unloading 25 unused Assets to reduce memory usage. Loaded Objects now: 2463.
Total: 3.021500 ms (FindLiveObjects: 0.348400 ms CreateObjectMapping: 0.060800 ms MarkObjects: 2.506900 ms  DeleteObjects: 0.103800 ms)

========================================================================
Received Prepare
Refreshing native plugins compatible for Editor in 14.04 ms, found 2 plugins.
Preloading 0 native plugins for Editor in 0.00 ms.
Unloading 25 Unused Serialized files (Serialized files now loaded: 0)
System memory in use before: 52.9 MB.
System memory in use after: 53.0 MB.

Unloading 25 unused Assets to reduce memory usage. Loaded Objects now: 2463.
Total: 7.219300 ms (FindLiveObjects: 0.171400 ms CreateObjectMapping: 0.036300 ms MarkObjects: 6.900600 ms  DeleteObjects: 0.109200 ms)

AssetImportWorkerClient::OnTransportError - code=2 error=End of file
